Arguments: 
  /usr/local/Cellar/node/10.7.0/bin/node /usr/local/bin/yarn dev

PATH: 
  /usr/local/bin:/usr/bin:/bin:/usr/sbin:/sbin:/usr/local/share/dotnet:~/.dotnet/tools:/Library/Frameworks/Mono.framework/Versions/Current/Commands:/Applications/Xamarin Workbooks.app/Contents/SharedSupport/path-bin

Yarn version: 
  1.13.0

Node version: 
  10.7.0

Platform: 
  darwin x64

Trace: 
  SyntaxError: /Users/chaosdoggs/Desktop/My-Mern-Boilerplate/package.json: Unexpected token } in JSON at position 642
      at JSON.parse (<anonymous>)
      at /usr/local/lib/node_modules/yarn/lib/cli.js:1625:59
      at Generator.next (<anonymous>)
      at step (/usr/local/lib/node_modules/yarn/lib/cli.js:304:30)
      at /usr/local/lib/node_modules/yarn/lib/cli.js:315:13

npm manifest: 
  {
    "name": "backend",
    "version": "1.0.0",
    "description": "",
    "main": "server.js",
    "scripts": {
      "test": "echo \"Error: no test specified\" && exit 1",
      "start": "node backend/server.js",
      "prod": "export NODE_ENV=\"production\" && nodemon backend/server.js",
      "install": "cd client && npm install",
      "build": "cd client && npm run build",
      "dev": "concurrently \"cd client && npm run start\" \"nodemon backend/server.js\""
    },
    "keywords": [],
    "author": "",
    "license": "ISC",
    "dependencies": {
      "concurrently": "^4.1.0",
      "express": "^4.16.4",
      "mongoose": "^5.5.3",
      "nodemon": "^1.18.11"
    },
  }

yarn manifest: 
  No manifest

Lockfile: 
  No lockfile
